2016-02-03 20:38:34,974 INFO [localhost-startStop-1] o.s.w.c.ContextLoader [ContextLoader.java:285] Root WebApplicationContext: initialization started
2016-02-03 20:38:35,314 INFO [localhost-startStop-1] o.s.w.c.s.XmlWebApplicationContext [AbstractApplicationContext.java:510] Refreshing Root WebApplicationContext: startup date [Wed Feb 03 20:38:35 CET 2016]; root of context hierarchy
2016-02-03 20:38:35,480 INFO [localhost-startStop-1] o.s.b.f.x.XmlBeanDefinitionReader [XmlBeanDefinitionReader.java:317] Loading XML bean definitions from class path resource [spring/business-config.xml]
2016-02-03 20:38:37,670 INFO [localhost-startStop-1] o.s.b.f.x.XmlBeanDefinitionReader [XmlBeanDefinitionReader.java:317] Loading XML bean definitions from class path resource [spring/persistence-config.xml]
2016-02-03 20:38:38,058 INFO [localhost-startStop-1] o.s.c.s.PropertySourcesPlaceholderConfigurer [PropertiesLoaderSupport.java:172] Loading properties file from class path resource [spring/data-access.properties]
2016-02-03 20:38:40,273 INFO [localhost-startStop-1] o.s.o.j.LocalContainerEntityManagerFactoryBean [LocalContainerEntityManagerFactoryBean.java:339] Building JPA container EntityManagerFactory for persistence unit 'wp'
2016-02-03 20:38:40,430 INFO [localhost-startStop-1] o.h.j.i.u.LogHelper [LogHelper.java:46] HHH000204: Processing PersistenceUnitInfo [
	name: wp
	...]
2016-02-03 20:38:40,886 INFO [localhost-startStop-1] o.h.Version [Version.java:54] HHH000412: Hibernate Core {4.3.10.Final}
2016-02-03 20:38:40,891 INFO [localhost-startStop-1] o.h.c.Environment [Environment.java:239] HHH000206: hibernate.properties not found
2016-02-03 20:38:40,894 INFO [localhost-startStop-1] o.h.c.Environment [Environment.java:346] HHH000021: Bytecode provider name : javassist
2016-02-03 20:38:41,253 INFO [localhost-startStop-1] o.h.a.c.Version [JavaReflectionManager.java:66] HCANN000001: Hibernate Commons Annotations {4.0.5.Final}
2016-02-03 20:38:43,083 INFO [localhost-startStop-1] o.h.d.Dialect [Dialect.java:145] HHH000400: Using dialect: org.hibernate.dialect.MySQLDialect
2016-02-03 20:38:43,836 INFO [localhost-startStop-1] o.h.h.i.a.ASTQueryTranslatorFactory [ASTQueryTranslatorFactory.java:47] HHH000397: Using ASTQueryTranslatorFactory
2016-02-03 20:38:44,070 INFO [localhost-startStop-1] o.h.v.i.u.Version [Version.java:27] HV000001: Hibernate Validator 5.1.3.Final
2016-02-03 20:38:49,076 INFO [localhost-startStop-1] o.h.t.h.SchemaUpdate [SchemaUpdate.java:207] HHH000228: Running hbm2ddl schema update
2016-02-03 20:38:49,077 INFO [localhost-startStop-1] o.h.t.h.SchemaUpdate [SchemaUpdate.java:218] HHH000102: Fetching database metadata
2016-02-03 20:38:49,087 INFO [localhost-startStop-1] o.h.t.h.SchemaUpdate [SchemaUpdate.java:230] HHH000396: Updating schema
2016-02-03 20:38:49,800 INFO [localhost-startStop-1] o.h.t.h.TableMetadata [TableMetadata.java:65] HHH000261: Table found: wp.orders
2016-02-03 20:38:49,801 INFO [localhost-startStop-1] o.h.t.h.TableMetadata [TableMetadata.java:66] HHH000037: Columns: [clientaddress, orderid, clientname, pizza_id]
2016-02-03 20:38:49,802 INFO [localhost-startStop-1] o.h.t.h.TableMetadata [TableMetadata.java:68] HHH000108: Foreign keys: [fk_ltwq4gorxop8wnsroqwcwc58q]
2016-02-03 20:38:49,804 INFO [localhost-startStop-1] o.h.t.h.TableMetadata [TableMetadata.java:69] HHH000126: Indexes: [primary, fk_ltwq4gorxop8wnsroqwcwc58q]
2016-02-03 20:38:49,904 INFO [localhost-startStop-1] o.h.t.h.TableMetadata [TableMetadata.java:65] HHH000261: Table found: wp.pizzas
2016-02-03 20:38:49,906 INFO [localhost-startStop-1] o.h.t.h.TableMetadata [TableMetadata.java:66] HHH000037: Columns: [id, type]
2016-02-03 20:38:49,907 INFO [localhost-startStop-1] o.h.t.h.TableMetadata [TableMetadata.java:68] HHH000108: Foreign keys: []
2016-02-03 20:38:49,909 INFO [localhost-startStop-1] o.h.t.h.TableMetadata [TableMetadata.java:69] HHH000126: Indexes: [primary]
2016-02-03 20:38:49,912 INFO [localhost-startStop-1] o.h.t.h.SchemaUpdate [SchemaUpdate.java:267] HHH000232: Schema update complete
2016-02-03 20:38:50,653 INFO [localhost-startStop-1] o.s.w.c.ContextLoader [ContextLoader.java:325] Root WebApplicationContext: initialization completed in 15639 ms
2016-02-03 20:38:50,696 INFO [localhost-startStop-1] o.s.w.s.DispatcherServlet [FrameworkServlet.java:485] FrameworkServlet 'springDispatcher': initialization started
2016-02-03 20:38:50,701 INFO [localhost-startStop-1] o.s.w.c.s.XmlWebApplicationContext [AbstractApplicationContext.java:510] Refreshing WebApplicationContext for namespace 'springDispatcher-servlet': startup date [Wed Feb 03 20:38:50 CET 2016]; parent: Root WebApplicationContext
2016-02-03 20:38:50,702 INFO [localhost-startStop-1] o.s.b.f.x.XmlBeanDefinitionReader [XmlBeanDefinitionReader.java:317] Loading XML bean definitions from class path resource [spring/mvc-core-config.xml]
2016-02-03 20:38:50,833 INFO [localhost-startStop-1] o.s.b.f.x.XmlBeanDefinitionReader [XmlBeanDefinitionReader.java:317] Loading XML bean definitions from class path resource [spring/mvc-view-config.xml]
2016-02-03 20:38:52,774 INFO [localhost-startStop-1] o.s.w.s.m.m.a.RequestMappingHandlerMapping [AbstractHandlerMethodMapping.java:217] Mapped "{[/api/order/{id}],methods=[GET],produces=[application/json]}" onto public mk.ukim.finki.wp.model.Order mk.ukim.finki.wp.web.PizzaOrderController.getOrder(java.lang.Long)
2016-02-03 20:38:52,775 INFO [localhost-startStop-1] o.s.w.s.m.m.a.RequestMappingHandlerMapping [AbstractHandlerMethodMapping.java:217] Mapped "{[/api/pizza/create],methods=[POST],produces=[application/json]}" onto public mk.ukim.finki.wp.model.Pizza mk.ukim.finki.wp.web.PizzaOrderController.createPizza(mk.ukim.finki.wp.model.Pizza)
2016-02-03 20:38:52,775 INFO [localhost-startStop-1] o.s.w.s.m.m.a.RequestMappingHandlerMapping [AbstractHandlerMethodMapping.java:217] Mapped "{[/api/pizza/{id}],methods=[GET],produces=[application/json]}" onto public mk.ukim.finki.wp.model.Pizza mk.ukim.finki.wp.web.PizzaOrderController.getPizza(java.lang.Long)
2016-02-03 20:38:52,775 INFO [localhost-startStop-1] o.s.w.s.m.m.a.RequestMappingHandlerMapping [AbstractHandlerMethodMapping.java:217] Mapped "{[/api/update/pizza],methods=[POST],produces=[application/json]}" onto public mk.ukim.finki.wp.model.Pizza mk.ukim.finki.wp.web.PizzaOrderController.updatePizza(mk.ukim.finki.wp.model.Pizza)
2016-02-03 20:38:52,776 INFO [localhost-startStop-1] o.s.w.s.m.m.a.RequestMappingHandlerMapping [AbstractHandlerMethodMapping.java:217] Mapped "{[/api/list/order],methods=[GET],produces=[application/json]}" onto public java.util.List<mk.ukim.finki.wp.model.Order> mk.ukim.finki.wp.web.PizzaOrderController.listOrders()
2016-02-03 20:38:52,776 INFO [localhost-startStop-1] o.s.w.s.m.m.a.RequestMappingHandlerMapping [AbstractHandlerMethodMapping.java:217] Mapped "{[/api/create/order],methods=[POST],produces=[application/json]}" onto public mk.ukim.finki.wp.model.Order mk.ukim.finki.wp.web.PizzaOrderController.createOrder(mk.ukim.finki.wp.model.Order)
2016-02-03 20:38:52,777 INFO [localhost-startStop-1] o.s.w.s.m.m.a.RequestMappingHandlerMapping [AbstractHandlerMethodMapping.java:217] Mapped "{[/api/list/pizza],methods=[GET],produces=[application/json]}" onto public java.util.List<mk.ukim.finki.wp.model.Pizza> mk.ukim.finki.wp.web.PizzaOrderController.listPizzas()
2016-02-03 20:38:52,777 INFO [localhost-startStop-1] o.s.w.s.m.m.a.RequestMappingHandlerMapping [AbstractHandlerMethodMapping.java:217] Mapped "{[/api/pizza/delete/{id}],methods=[DELETE],produces=[application/json]}" onto public void mk.ukim.finki.wp.web.PizzaOrderController.deletePizza(java.lang.Long)
2016-02-03 20:38:54,896 INFO [localhost-startStop-1] o.s.w.s.m.m.a.RequestMappingHandlerAdapter [RequestMappingHandlerAdapter.java:517] Looking for @ControllerAdvice: WebApplicationContext for namespace 'springDispatcher-servlet': startup date [Wed Feb 03 20:38:50 CET 2016]; parent: Root WebApplicationContext
2016-02-03 20:38:54,977 INFO [localhost-startStop-1] o.s.w.s.m.m.a.RequestMappingHandlerAdapter [RequestMappingHandlerAdapter.java:517] Looking for @ControllerAdvice: WebApplicationContext for namespace 'springDispatcher-servlet': startup date [Wed Feb 03 20:38:50 CET 2016]; parent: Root WebApplicationContext
2016-02-03 20:38:55,090 INFO [localhost-startStop-1] o.s.w.s.h.SimpleUrlHandlerMapping [AbstractUrlHandlerMapping.java:314] Mapped URL path [/**] onto handler 'org.springframework.web.servlet.resource.ResourceHttpRequestHandler#0'
2016-02-03 20:38:55,099 INFO [localhost-startStop-1] o.s.w.s.h.SimpleUrlHandlerMapping [AbstractUrlHandlerMapping.java:301] Root mapping to handler of type [class org.springframework.web.servlet.mvc.ParameterizableViewController]
2016-02-03 20:38:55,159 INFO [localhost-startStop-1] o.s.w.s.h.SimpleUrlHandlerMapping [AbstractUrlHandlerMapping.java:314] Mapped URL path [/**] onto handler 'org.springframework.web.servlet.resource.DefaultServletHttpRequestHandler#0'
2016-02-03 20:38:55,184 INFO [localhost-startStop-1] o.s.w.s.DispatcherServlet [FrameworkServlet.java:504] FrameworkServlet 'springDispatcher': initialization completed in 4487 ms
2016-02-03 20:41:11,761 INFO [localhost-startStop-1] o.s.w.c.ContextLoader [ContextLoader.java:285] Root WebApplicationContext: initialization started
2016-02-03 20:41:11,915 INFO [localhost-startStop-1] o.s.w.c.s.XmlWebApplicationContext [AbstractApplicationContext.java:510] Refreshing Root WebApplicationContext: startup date [Wed Feb 03 20:41:11 CET 2016]; root of context hierarchy
2016-02-03 20:41:11,983 INFO [localhost-startStop-1] o.s.b.f.x.XmlBeanDefinitionReader [XmlBeanDefinitionReader.java:317] Loading XML bean definitions from class path resource [spring/business-config.xml]
2016-02-03 20:41:12,182 INFO [localhost-startStop-1] o.s.b.f.x.XmlBeanDefinitionReader [XmlBeanDefinitionReader.java:317] Loading XML bean definitions from class path resource [spring/persistence-config.xml]
2016-02-03 20:41:12,761 INFO [localhost-startStop-1] o.s.c.s.PropertySourcesPlaceholderConfigurer [PropertiesLoaderSupport.java:172] Loading properties file from class path resource [spring/data-access.properties]
2016-02-03 20:41:13,388 INFO [localhost-startStop-1] o.s.o.j.LocalContainerEntityManagerFactoryBean [LocalContainerEntityManagerFactoryBean.java:339] Building JPA container EntityManagerFactory for persistence unit 'wp'
2016-02-03 20:41:13,815 INFO [localhost-startStop-1] o.h.j.i.u.LogHelper [LogHelper.java:46] HHH000204: Processing PersistenceUnitInfo [
	name: wp
	...]
2016-02-03 20:41:14,198 INFO [localhost-startStop-1] o.h.Version [Version.java:54] HHH000412: Hibernate Core {4.3.10.Final}
2016-02-03 20:41:14,201 INFO [localhost-startStop-1] o.h.c.Environment [Environment.java:239] HHH000206: hibernate.properties not found
2016-02-03 20:41:14,203 INFO [localhost-startStop-1] o.h.c.Environment [Environment.java:346] HHH000021: Bytecode provider name : javassist
2016-02-03 20:41:14,601 INFO [localhost-startStop-1] o.h.a.c.Version [JavaReflectionManager.java:66] HCANN000001: Hibernate Commons Annotations {4.0.5.Final}
2016-02-03 20:41:15,382 INFO [localhost-startStop-1] o.h.d.Dialect [Dialect.java:145] HHH000400: Using dialect: org.hibernate.dialect.MySQLDialect
2016-02-03 20:41:15,636 INFO [localhost-startStop-1] o.h.h.i.a.ASTQueryTranslatorFactory [ASTQueryTranslatorFactory.java:47] HHH000397: Using ASTQueryTranslatorFactory
2016-02-03 20:41:15,741 INFO [localhost-startStop-1] o.h.v.i.u.Version [Version.java:27] HV000001: Hibernate Validator 5.1.3.Final
2016-02-03 20:41:17,501 INFO [localhost-startStop-1] o.h.t.h.SchemaUpdate [SchemaUpdate.java:207] HHH000228: Running hbm2ddl schema update
2016-02-03 20:41:17,502 INFO [localhost-startStop-1] o.h.t.h.SchemaUpdate [SchemaUpdate.java:218] HHH000102: Fetching database metadata
2016-02-03 20:41:17,506 INFO [localhost-startStop-1] o.h.t.h.SchemaUpdate [SchemaUpdate.java:230] HHH000396: Updating schema
2016-02-03 20:41:17,569 INFO [localhost-startStop-1] o.h.t.h.TableMetadata [TableMetadata.java:65] HHH000261: Table found: wp.orders
2016-02-03 20:41:17,570 INFO [localhost-startStop-1] o.h.t.h.TableMetadata [TableMetadata.java:66] HHH000037: Columns: [clientaddress, orderid, clientname, pizza_id]
2016-02-03 20:41:17,570 INFO [localhost-startStop-1] o.h.t.h.TableMetadata [TableMetadata.java:68] HHH000108: Foreign keys: [fk_ltwq4gorxop8wnsroqwcwc58q]
2016-02-03 20:41:17,571 INFO [localhost-startStop-1] o.h.t.h.TableMetadata [TableMetadata.java:69] HHH000126: Indexes: [primary, fk_ltwq4gorxop8wnsroqwcwc58q]
2016-02-03 20:41:17,618 INFO [localhost-startStop-1] o.h.t.h.TableMetadata [TableMetadata.java:65] HHH000261: Table found: wp.pizzas
2016-02-03 20:41:17,619 INFO [localhost-startStop-1] o.h.t.h.TableMetadata [TableMetadata.java:66] HHH000037: Columns: [id, type]
2016-02-03 20:41:17,620 INFO [localhost-startStop-1] o.h.t.h.TableMetadata [TableMetadata.java:68] HHH000108: Foreign keys: []
2016-02-03 20:41:17,621 INFO [localhost-startStop-1] o.h.t.h.TableMetadata [TableMetadata.java:69] HHH000126: Indexes: [primary]
2016-02-03 20:41:17,624 INFO [localhost-startStop-1] o.h.t.h.SchemaUpdate [SchemaUpdate.java:267] HHH000232: Schema update complete
2016-02-03 20:41:17,989 INFO [localhost-startStop-1] o.s.w.c.ContextLoader [ContextLoader.java:325] Root WebApplicationContext: initialization completed in 6223 ms
2016-02-03 20:41:18,025 INFO [localhost-startStop-1] o.s.w.s.DispatcherServlet [FrameworkServlet.java:485] FrameworkServlet 'springDispatcher': initialization started
2016-02-03 20:41:18,030 INFO [localhost-startStop-1] o.s.w.c.s.XmlWebApplicationContext [AbstractApplicationContext.java:510] Refreshing WebApplicationContext for namespace 'springDispatcher-servlet': startup date [Wed Feb 03 20:41:18 CET 2016]; parent: Root WebApplicationContext
2016-02-03 20:41:18,032 INFO [localhost-startStop-1] o.s.b.f.x.XmlBeanDefinitionReader [XmlBeanDefinitionReader.java:317] Loading XML bean definitions from class path resource [spring/mvc-core-config.xml]
2016-02-03 20:41:18,066 INFO [localhost-startStop-1] o.s.b.f.x.XmlBeanDefinitionReader [XmlBeanDefinitionReader.java:317] Loading XML bean definitions from class path resource [spring/mvc-view-config.xml]
2016-02-03 20:41:18,497 INFO [localhost-startStop-1] o.s.w.s.m.m.a.RequestMappingHandlerMapping [AbstractHandlerMethodMapping.java:217] Mapped "{[/api/pizza/create],methods=[POST],produces=[application/json]}" onto public mk.ukim.finki.wp.model.Pizza mk.ukim.finki.wp.web.PizzaOrderController.createPizza(mk.ukim.finki.wp.model.Pizza)
2016-02-03 20:41:18,498 INFO [localhost-startStop-1] o.s.w.s.m.m.a.RequestMappingHandlerMapping [AbstractHandlerMethodMapping.java:217] Mapped "{[/api/order/{id}],methods=[GET],produces=[application/json]}" onto public mk.ukim.finki.wp.model.Order mk.ukim.finki.wp.web.PizzaOrderController.getOrder(java.lang.Long)
2016-02-03 20:41:18,499 INFO [localhost-startStop-1] o.s.w.s.m.m.a.RequestMappingHandlerMapping [AbstractHandlerMethodMapping.java:217] Mapped "{[/api/create/order],methods=[POST],produces=[application/json]}" onto public mk.ukim.finki.wp.model.Order mk.ukim.finki.wp.web.PizzaOrderController.createOrder(mk.ukim.finki.wp.model.Order)
2016-02-03 20:41:18,499 INFO [localhost-startStop-1] o.s.w.s.m.m.a.RequestMappingHandlerMapping [AbstractHandlerMethodMapping.java:217] Mapped "{[/api/list/pizza],methods=[GET],produces=[application/json]}" onto public java.util.List<mk.ukim.finki.wp.model.Pizza> mk.ukim.finki.wp.web.PizzaOrderController.listPizzas()
2016-02-03 20:41:18,500 INFO [localhost-startStop-1] o.s.w.s.m.m.a.RequestMappingHandlerMapping [AbstractHandlerMethodMapping.java:217] Mapped "{[/api/pizza/delete/{id}],methods=[DELETE],produces=[application/json]}" onto public void mk.ukim.finki.wp.web.PizzaOrderController.deletePizza(java.lang.Long)
2016-02-03 20:41:18,500 INFO [localhost-startStop-1] o.s.w.s.m.m.a.RequestMappingHandlerMapping [AbstractHandlerMethodMapping.java:217] Mapped "{[/api/pizza/{id}],methods=[GET],produces=[application/json]}" onto public mk.ukim.finki.wp.model.Pizza mk.ukim.finki.wp.web.PizzaOrderController.getPizza(java.lang.Long)
2016-02-03 20:41:18,501 INFO [localhost-startStop-1] o.s.w.s.m.m.a.RequestMappingHandlerMapping [AbstractHandlerMethodMapping.java:217] Mapped "{[/api/update/pizza],methods=[POST],produces=[application/json]}" onto public mk.ukim.finki.wp.model.Pizza mk.ukim.finki.wp.web.PizzaOrderController.updatePizza(mk.ukim.finki.wp.model.Pizza)
2016-02-03 20:41:18,502 INFO [localhost-startStop-1] o.s.w.s.m.m.a.RequestMappingHandlerMapping [AbstractHandlerMethodMapping.java:217] Mapped "{[/api/list/order],methods=[GET],produces=[application/json]}" onto public java.util.List<mk.ukim.finki.wp.model.Order> mk.ukim.finki.wp.web.PizzaOrderController.listOrders()
2016-02-03 20:41:18,990 INFO [localhost-startStop-1] o.s.w.s.m.m.a.RequestMappingHandlerAdapter [RequestMappingHandlerAdapter.java:517] Looking for @ControllerAdvice: WebApplicationContext for namespace 'springDispatcher-servlet': startup date [Wed Feb 03 20:41:18 CET 2016]; parent: Root WebApplicationContext
2016-02-03 20:41:19,057 INFO [localhost-startStop-1] o.s.w.s.m.m.a.RequestMappingHandlerAdapter [RequestMappingHandlerAdapter.java:517] Looking for @ControllerAdvice: WebApplicationContext for namespace 'springDispatcher-servlet': startup date [Wed Feb 03 20:41:18 CET 2016]; parent: Root WebApplicationContext
2016-02-03 20:41:19,188 INFO [localhost-startStop-1] o.s.w.s.h.SimpleUrlHandlerMapping [AbstractUrlHandlerMapping.java:314] Mapped URL path [/**] onto handler 'org.springframework.web.servlet.resource.ResourceHttpRequestHandler#0'
2016-02-03 20:41:19,210 INFO [localhost-startStop-1] o.s.w.s.h.SimpleUrlHandlerMapping [AbstractUrlHandlerMapping.java:301] Root mapping to handler of type [class org.springframework.web.servlet.mvc.ParameterizableViewController]
2016-02-03 20:41:19,221 INFO [localhost-startStop-1] o.s.w.s.h.SimpleUrlHandlerMapping [AbstractUrlHandlerMapping.java:314] Mapped URL path [/**] onto handler 'org.springframework.web.servlet.resource.DefaultServletHttpRequestHandler#0'
2016-02-03 20:41:19,258 INFO [localhost-startStop-1] o.s.w.s.DispatcherServlet [FrameworkServlet.java:504] FrameworkServlet 'springDispatcher': initialization completed in 1232 ms
2016-02-03 21:07:53,970 INFO [localhost-startStop-1] o.s.w.c.ContextLoader [ContextLoader.java:285] Root WebApplicationContext: initialization started
2016-02-03 21:07:54,152 INFO [localhost-startStop-1] o.s.w.c.s.XmlWebApplicationContext [AbstractApplicationContext.java:510] Refreshing Root WebApplicationContext: startup date [Wed Feb 03 21:07:54 CET 2016]; root of context hierarchy
2016-02-03 21:07:54,221 INFO [localhost-startStop-1] o.s.b.f.x.XmlBeanDefinitionReader [XmlBeanDefinitionReader.java:317] Loading XML bean definitions from class path resource [spring/business-config.xml]
2016-02-03 21:07:54,555 INFO [localhost-startStop-1] o.s.b.f.x.XmlBeanDefinitionReader [XmlBeanDefinitionReader.java:317] Loading XML bean definitions from class path resource [spring/persistence-config.xml]
2016-02-03 21:07:55,033 INFO [localhost-startStop-1] o.s.c.s.PropertySourcesPlaceholderConfigurer [PropertiesLoaderSupport.java:172] Loading properties file from class path resource [spring/data-access.properties]
2016-02-03 21:07:56,146 INFO [localhost-startStop-1] o.s.o.j.LocalContainerEntityManagerFactoryBean [LocalContainerEntityManagerFactoryBean.java:339] Building JPA container EntityManagerFactory for persistence unit 'wp'
2016-02-03 21:07:56,258 INFO [localhost-startStop-1] o.h.j.i.u.LogHelper [LogHelper.java:46] HHH000204: Processing PersistenceUnitInfo [
	name: wp
	...]
2016-02-03 21:07:56,676 INFO [localhost-startStop-1] o.h.Version [Version.java:54] HHH000412: Hibernate Core {4.3.10.Final}
2016-02-03 21:07:56,682 INFO [localhost-startStop-1] o.h.c.Environment [Environment.java:239] HHH000206: hibernate.properties not found
2016-02-03 21:07:56,685 INFO [localhost-startStop-1] o.h.c.Environment [Environment.java:346] HHH000021: Bytecode provider name : javassist
2016-02-03 21:07:57,048 INFO [localhost-startStop-1] o.h.a.c.Version [JavaReflectionManager.java:66] HCANN000001: Hibernate Commons Annotations {4.0.5.Final}
2016-02-03 21:07:58,266 INFO [localhost-startStop-1] o.h.d.Dialect [Dialect.java:145] HHH000400: Using dialect: org.hibernate.dialect.MySQLDialect
2016-02-03 21:07:58,655 INFO [localhost-startStop-1] o.h.h.i.a.ASTQueryTranslatorFactory [ASTQueryTranslatorFactory.java:47] HHH000397: Using ASTQueryTranslatorFactory
2016-02-03 21:07:59,066 INFO [localhost-startStop-1] o.h.v.i.u.Version [Version.java:27] HV000001: Hibernate Validator 5.1.3.Final
2016-02-03 21:08:00,223 INFO [localhost-startStop-1] o.h.t.h.SchemaUpdate [SchemaUpdate.java:207] HHH000228: Running hbm2ddl schema update
2016-02-03 21:08:00,223 INFO [localhost-startStop-1] o.h.t.h.SchemaUpdate [SchemaUpdate.java:218] HHH000102: Fetching database metadata
2016-02-03 21:08:00,226 INFO [localhost-startStop-1] o.h.t.h.SchemaUpdate [SchemaUpdate.java:230] HHH000396: Updating schema
2016-02-03 21:08:00,370 INFO [localhost-startStop-1] o.h.t.h.TableMetadata [TableMetadata.java:65] HHH000261: Table found: wp.orders
2016-02-03 21:08:00,372 INFO [localhost-startStop-1] o.h.t.h.TableMetadata [TableMetadata.java:66] HHH000037: Columns: [clientaddress, orderid, clientname, pizza_id]
2016-02-03 21:08:00,372 INFO [localhost-startStop-1] o.h.t.h.TableMetadata [TableMetadata.java:68] HHH000108: Foreign keys: [fk_ltwq4gorxop8wnsroqwcwc58q]
2016-02-03 21:08:00,374 INFO [localhost-startStop-1] o.h.t.h.TableMetadata [TableMetadata.java:69] HHH000126: Indexes: [primary, fk_ltwq4gorxop8wnsroqwcwc58q]
2016-02-03 21:08:00,411 INFO [localhost-startStop-1] o.h.t.h.TableMetadata [TableMetadata.java:65] HHH000261: Table found: wp.pizzas
2016-02-03 21:08:00,413 INFO [localhost-startStop-1] o.h.t.h.TableMetadata [TableMetadata.java:66] HHH000037: Columns: [id, type]
2016-02-03 21:08:00,414 INFO [localhost-startStop-1] o.h.t.h.TableMetadata [TableMetadata.java:68] HHH000108: Foreign keys: []
2016-02-03 21:08:00,415 INFO [localhost-startStop-1] o.h.t.h.TableMetadata [TableMetadata.java:69] HHH000126: Indexes: [primary]
2016-02-03 21:08:00,418 INFO [localhost-startStop-1] o.h.t.h.SchemaUpdate [SchemaUpdate.java:267] HHH000232: Schema update complete
2016-02-03 21:08:00,938 INFO [localhost-startStop-1] o.s.w.c.ContextLoader [ContextLoader.java:325] Root WebApplicationContext: initialization completed in 6956 ms
2016-02-03 21:08:00,982 INFO [localhost-startStop-1] o.s.w.s.DispatcherServlet [FrameworkServlet.java:485] FrameworkServlet 'springDispatcher': initialization started
2016-02-03 21:08:00,987 INFO [localhost-startStop-1] o.s.w.c.s.XmlWebApplicationContext [AbstractApplicationContext.java:510] Refreshing WebApplicationContext for namespace 'springDispatcher-servlet': startup date [Wed Feb 03 21:08:00 CET 2016]; parent: Root WebApplicationContext
2016-02-03 21:08:00,988 INFO [localhost-startStop-1] o.s.b.f.x.XmlBeanDefinitionReader [XmlBeanDefinitionReader.java:317] Loading XML bean definitions from class path resource [spring/mvc-core-config.xml]
2016-02-03 21:08:01,035 INFO [localhost-startStop-1] o.s.b.f.x.XmlBeanDefinitionReader [XmlBeanDefinitionReader.java:317] Loading XML bean definitions from class path resource [spring/mvc-view-config.xml]
2016-02-03 21:08:01,491 INFO [localhost-startStop-1] o.s.w.s.m.m.a.RequestMappingHandlerMapping [AbstractHandlerMethodMapping.java:217] Mapped "{[/api/pizza/create],methods=[POST],produces=[application/json]}" onto public mk.ukim.finki.wp.model.Pizza mk.ukim.finki.wp.web.PizzaOrderController.createPizza(mk.ukim.finki.wp.model.Pizza)
2016-02-03 21:08:01,492 INFO [localhost-startStop-1] o.s.w.s.m.m.a.RequestMappingHandlerMapping [AbstractHandlerMethodMapping.java:217] Mapped "{[/api/pizza/{id}],methods=[GET],produces=[application/json]}" onto public mk.ukim.finki.wp.model.Pizza mk.ukim.finki.wp.web.PizzaOrderController.getPizza(java.lang.Long)
2016-02-03 21:08:01,492 INFO [localhost-startStop-1] o.s.w.s.m.m.a.RequestMappingHandlerMapping [AbstractHandlerMethodMapping.java:217] Mapped "{[/api/update/pizza],methods=[POST],produces=[application/json]}" onto public mk.ukim.finki.wp.model.Pizza mk.ukim.finki.wp.web.PizzaOrderController.updatePizza(mk.ukim.finki.wp.model.Pizza)
2016-02-03 21:08:01,492 INFO [localhost-startStop-1] o.s.w.s.m.m.a.RequestMappingHandlerMapping [AbstractHandlerMethodMapping.java:217] Mapped "{[/api/list/order],methods=[GET],produces=[application/json]}" onto public java.util.List<mk.ukim.finki.wp.model.Order> mk.ukim.finki.wp.web.PizzaOrderController.listOrders()
2016-02-03 21:08:01,493 INFO [localhost-startStop-1] o.s.w.s.m.m.a.RequestMappingHandlerMapping [AbstractHandlerMethodMapping.java:217] Mapped "{[/api/order/{id}],methods=[GET],produces=[application/json]}" onto public mk.ukim.finki.wp.model.Order mk.ukim.finki.wp.web.PizzaOrderController.getOrder(java.lang.Long)
2016-02-03 21:08:01,494 INFO [localhost-startStop-1] o.s.w.s.m.m.a.RequestMappingHandlerMapping [AbstractHandlerMethodMapping.java:217] Mapped "{[/api/pizza/delete/{id}],methods=[DELETE],produces=[application/json]}" onto public void mk.ukim.finki.wp.web.PizzaOrderController.deletePizza(java.lang.Long)
2016-02-03 21:08:01,494 INFO [localhost-startStop-1] o.s.w.s.m.m.a.RequestMappingHandlerMapping [AbstractHandlerMethodMapping.java:217] Mapped "{[/api/create/order],methods=[POST],produces=[application/json]}" onto public mk.ukim.finki.wp.model.Order mk.ukim.finki.wp.web.PizzaOrderController.createOrder(mk.ukim.finki.wp.model.Order)
2016-02-03 21:08:01,495 INFO [localhost-startStop-1] o.s.w.s.m.m.a.RequestMappingHandlerMapping [AbstractHandlerMethodMapping.java:217] Mapped "{[/api/list/pizza],methods=[GET],produces=[application/json]}" onto public java.util.List<mk.ukim.finki.wp.model.Pizza> mk.ukim.finki.wp.web.PizzaOrderController.listPizzas()
2016-02-03 21:08:02,045 INFO [localhost-startStop-1] o.s.w.s.m.m.a.RequestMappingHandlerAdapter [RequestMappingHandlerAdapter.java:517] Looking for @ControllerAdvice: WebApplicationContext for namespace 'springDispatcher-servlet': startup date [Wed Feb 03 21:08:00 CET 2016]; parent: Root WebApplicationContext
2016-02-03 21:08:02,105 INFO [localhost-startStop-1] o.s.w.s.m.m.a.RequestMappingHandlerAdapter [RequestMappingHandlerAdapter.java:517] Looking for @ControllerAdvice: WebApplicationContext for namespace 'springDispatcher-servlet': startup date [Wed Feb 03 21:08:00 CET 2016]; parent: Root WebApplicationContext
2016-02-03 21:08:02,198 INFO [localhost-startStop-1] o.s.w.s.h.SimpleUrlHandlerMapping [AbstractUrlHandlerMapping.java:314] Mapped URL path [/**] onto handler 'org.springframework.web.servlet.resource.ResourceHttpRequestHandler#0'
2016-02-03 21:08:02,212 INFO [localhost-startStop-1] o.s.w.s.h.SimpleUrlHandlerMapping [AbstractUrlHandlerMapping.java:301] Root mapping to handler of type [class org.springframework.web.servlet.mvc.ParameterizableViewController]
2016-02-03 21:08:02,234 INFO [localhost-startStop-1] o.s.w.s.h.SimpleUrlHandlerMapping [AbstractUrlHandlerMapping.java:314] Mapped URL path [/**] onto handler 'org.springframework.web.servlet.resource.DefaultServletHttpRequestHandler#0'
2016-02-03 21:08:02,281 INFO [localhost-startStop-1] o.s.w.s.DispatcherServlet [FrameworkServlet.java:504] FrameworkServlet 'springDispatcher': initialization completed in 1298 ms
